Aug 14, 2017 6:48:09 AM org.apache.coyote.ajp.AjpMessage processHeader
SEVERE: Invalid message received with signature 5635
Aug 14, 2017 3:47:45 PM org.apache.catalina.core.AprLifecycleListener init
INFO: The APR based Apache Tomcat Native library which allows optimal performance in production environments was not found on the java.library.path: /usr/java/packages/lib/amd64:/usr/lib64:/lib64:/lib:/usr/lib
Aug 14, 2017 3:47:46 PM org.apache.coyote.AbstractProtocol init
INFO: Initializing ProtocolHandler ["http-bio-8983"]
Aug 14, 2017 3:47:46 PM org.apache.coyote.AbstractProtocol init
INFO: Initializing ProtocolHandler ["ajp-bio-8009"]
Aug 14, 2017 3:47:46 PM org.apache.catalina.startup.Catalina load
INFO: Initialization processed in 580 ms
Aug 14, 2017 3:47:46 PM org.apache.catalina.core.StandardService startInternal
INFO: Starting service Catalina
Aug 14, 2017 3:47:46 PM org.apache.catalina.core.StandardEngine startInternal
INFO: Starting Servlet Engine: Apache Tomcat/7.0.52
Aug 14, 2017 3:47:46 PM org.apache.catalina.startup.HostConfig deployDirectory
INFO: Deploying web application directory /home/repository/yesmywine_ms/solr/apache-tomcat-7.0.52/webapps/manager
Aug 14, 2017 3:48:01 PM org.apache.catalina.util.SessionIdGenerator createSecureRandom
INFO: Creation of SecureRandom instance for session ID generation using [SHA1PRNG] took [15,251] milliseconds.
Aug 14, 2017 3:48:01 PM org.apache.catalina.startup.HostConfig deployDirectory
INFO: Deploying web application directory /home/repository/yesmywine_ms/solr/apache-tomcat-7.0.52/webapps/docs
Aug 14, 2017 3:48:01 PM org.apache.catalina.startup.HostConfig deployDirectory
INFO: Deploying web application directory /home/repository/yesmywine_ms/solr/apache-tomcat-7.0.52/webapps/examples
Aug 14, 2017 3:48:02 PM org.apache.catalina.startup.HostConfig deployDirectory
INFO: Deploying web application directory /home/repository/yesmywine_ms/solr/apache-tomcat-7.0.52/webapps/host-manager
Aug 14, 2017 3:48:02 PM org.apache.catalina.startup.HostConfig deployDirectory
INFO: Deploying web application directory /home/repository/yesmywine_ms/solr/apache-tomcat-7.0.52/webapps/solr
Aug 14, 2017 3:48:06 PM org.apache.catalina.startup.HostConfig deployDirectory
INFO: Deploying web application directory /home/repository/yesmywine_ms/solr/apache-tomcat-7.0.52/webapps/ROOT
Aug 14, 2017 3:48:06 PM org.apache.coyote.AbstractProtocol start
INFO: Starting ProtocolHandler ["http-bio-8983"]
Aug 14, 2017 3:48:06 PM org.apache.coyote.AbstractProtocol start
INFO: Starting ProtocolHandler ["ajp-bio-8009"]
Aug 14, 2017 3:48:06 PM org.apache.catalina.startup.Catalina start
INFO: Server startup in 20516 ms
