十月 26, 2016 7:27:00 下午 org.apache.catalina.core.AprLifecycleListener init
信息: The APR based Apache Tomcat Native library which allows optimal performance in production environments was not found on the java.library.path: E:\JAVA\java-1.7\bin;C:\Windows\Sun\Java\bin;C:\Windows\system32;C:\Windows;C:\Windows\system32;C:\Windows;C:\Windows\System32\Wbem;C:\Windows\System32\WindowsPowerShell\v1.0\;C:\Program Files (x86)\Sybase\SQL Anywhere 8\win32;C:\Program Files (x86)\Sybase\Shared\win32;C:\Program Files (x86)\Sybase\Shared\Sybase Central 4.1;C:\Program Files (x86)\Microsoft SQL Server\100\Tools\Binn\;C:\Program Files\Microsoft SQL Server\100\Tools\Binn\;C:\Program Files\Microsoft SQL Server\100\DTS\Binn\;C:\Program Files (x86)\Microsoft SQL Server\100\Tools\Binn\VSShell\Common7\IDE\;C:\Program Files (x86)\Microsoft Visual Studio 9.0\Common7\IDE\PrivateAssemblies\;C:\Program Files (x86)\Microsoft SQL Server\100\DTS\Binn\;C:\Program Files (x86)\Java\jdk1.6.0_10\bin;C:\Program Files (x86)\Java\jdk1.6.0_10\jre\bin;C:\Python27;C:\Python27\Scripts;.;;C:\adb;E:\MySQL\MySQL Server 5.5\bin;E:\ORACLE\app\oracle\product\10.2.0\server\bin;C:\Windows\system32;C:\Windows;C:\Windows\System32\Wbem;C:\Windows\System32\WindowsPowerShell\v1.0\;C:\Program Files (x86)\Sybase\SQL Anywhere 8\win32;C:\Program Files (x86)\Sybase\Shared\win32;C:\Program Files (x86)\Sybase\Shared\Sybase Central 4.1;C:\Program Files (x86)\Microsoft SQL Server\100\Tools\Binn\;C:\Program Files\Microsoft SQL Server\100\Tools\Binn\;C:\Program Files\Microsoft SQL Server\100\DTS\Binn\;C:\Program Files (x86)\Microsoft SQL Server\100\Tools\Binn\VSShell\Common7\IDE\;C:\Program Files (x86)\Microsoft Visual Studio 9.0\Common7\IDE\PrivateAssemblies\;C:\Program Files (x86)\Microsoft SQL Server\100\DTS\Binn\;C:\Program Files (x86)\Java\jdk1.6.0_10\bin;C:\Program Files (x86)\Java\jdk1.6.0_10\jre\bin;C:\Python27;C:\Python27\Scripts;.;;C:\adb;E:\MySQL\MySQL Server 5.5\bin;E:\maven\apache-maven-3.1.1\bin;.;;.
十月 26, 2016 7:27:00 下午 org.apache.coyote.AbstractProtocol init
信息: Initializing ProtocolHandler ["http-bio-8080"]
十月 26, 2016 7:27:00 下午 org.apache.coyote.AbstractProtocol init
信息: Initializing ProtocolHandler ["ajp-bio-8009"]
十月 26, 2016 7:27:00 下午 org.apache.catalina.startup.Catalina load
信息: Initialization processed in 1133 ms
十月 26, 2016 7:27:01 下午 org.apache.catalina.core.StandardService startInternal
信息: Starting service Catalina
十月 26, 2016 7:27:01 下午 org.apache.catalina.core.StandardEngine startInternal
信息: Starting Servlet Engine: Apache Tomcat/7.0.52
十月 26, 2016 7:27:01 下午 org.apache.catalina.startup.HostConfig deployWAR
信息: Deploying web application archive E:\apache-tomcat-7.0.52\webapps\activiti-explorer.war
十月 26, 2016 7:27:20 下午 org.apache.catalina.startup.HostConfig deployDirectory
信息: Deploying web application directory E:\apache-tomcat-7.0.52\webapps\docs
十月 26, 2016 7:27:20 下午 org.apache.catalina.startup.HostConfig deployDirectory
信息: Deploying web application directory E:\apache-tomcat-7.0.52\webapps\examples
十月 26, 2016 7:27:21 下午 org.apache.catalina.startup.HostConfig deployDirectory
信息: Deploying web application directory E:\apache-tomcat-7.0.52\webapps\host-manager
十月 26, 2016 7:27:21 下午 org.apache.catalina.startup.HostConfig deployDirectory
信息: Deploying web application directory E:\apache-tomcat-7.0.52\webapps\manager
十月 26, 2016 7:27:21 下午 org.apache.catalina.startup.HostConfig deployDirectory
信息: Deploying web application directory E:\apache-tomcat-7.0.52\webapps\ROOT
十月 26, 2016 7:27:22 下午 org.apache.coyote.AbstractProtocol start
信息: Starting ProtocolHandler ["http-bio-8080"]
十月 26, 2016 7:27:22 下午 org.apache.coyote.AbstractProtocol start
信息: Starting ProtocolHandler ["ajp-bio-8009"]
十月 26, 2016 7:27:22 下午 org.apache.catalina.startup.Catalina start
信息: Server startup in 21118 ms
十月 26, 2016 7:27:57 下午 org.apache.coyote.ajp.AjpMessage processHeader
严重: Invalid message received with signature 18245
十月 26, 2016 7:27:57 下午 org.apache.coyote.ajp.AjpMessage processHeader
严重: Invalid message received with signature 18245
十月 26, 2016 7:27:57 下午 org.apache.coyote.ajp.AjpMessage processHeader
严重: Invalid message received with signature 18245
十月 26, 2016 7:27:57 下午 org.apache.coyote.ajp.AjpMessage processHeader
严重: Invalid message received with signature 18245
十月 26, 2016 7:27:57 下午 org.apache.coyote.ajp.AjpMessage processHeader
严重: Invalid message received with signature 18245
十月 26, 2016 7:27:57 下午 org.apache.coyote.ajp.AjpMessage processHeader
严重: Invalid message received with signature 18245
十月 26, 2016 7:27:57 下午 org.apache.coyote.ajp.AjpMessage processHeader
严重: Invalid message received with signature 18245
十月 26, 2016 7:27:57 下午 org.apache.coyote.ajp.AjpMessage processHeader
严重: Invalid message received with signature 18245
十月 26, 2016 7:27:57 下午 org.apache.coyote.ajp.AjpMessage processHeader
严重: Invalid message received with signature 18245
十月 26, 2016 7:27:57 下午 org.apache.coyote.ajp.AjpMessage processHeader
严重: Invalid message received with signature 18245
十月 26, 2016 7:28:02 下午 org.apache.coyote.ajp.AjpMessage processHeader
严重: Invalid message received with signature 18245
十月 26, 2016 7:28:02 下午 org.apache.coyote.ajp.AjpMessage processHeader
严重: Invalid message received with signature 18245
十月 26, 2016 7:28:02 下午 org.apache.coyote.ajp.AjpMessage processHeader
严重: Invalid message received with signature 18245
十月 26, 2016 7:28:02 下午 org.apache.coyote.ajp.AjpMessage processHeader
严重: Invalid message received with signature 18245
十月 26, 2016 7:28:02 下午 org.apache.coyote.ajp.AjpMessage processHeader
严重: Invalid message received with signature 18245
十月 26, 2016 7:28:02 下午 org.apache.coyote.ajp.AjpMessage processHeader
严重: Invalid message received with signature 18245
十月 26, 2016 7:28:02 下午 org.apache.coyote.ajp.AjpMessage processHeader
严重: Invalid message received with signature 18245
十月 26, 2016 7:28:02 下午 org.apache.coyote.ajp.AjpMessage processHeader
严重: Invalid message received with signature 18245
十月 26, 2016 7:28:02 下午 org.apache.coyote.ajp.AjpMessage processHeader
严重: Invalid message received with signature 18245
十月 26, 2016 7:28:02 下午 org.apache.coyote.ajp.AjpMessage processHeader
严重: Invalid message received with signature 18245
十月 26, 2016 7:28:21 下午 org.apache.catalina.core.StandardServer await
信息: A valid shutdown command was received via the shutdown port. Stopping the Server instance.
十月 26, 2016 7:28:21 下午 org.apache.coyote.AbstractProtocol pause
信息: Pausing ProtocolHandler ["http-bio-8080"]
十月 26, 2016 7:28:21 下午 org.apache.coyote.AbstractProtocol pause
信息: Pausing ProtocolHandler ["ajp-bio-8009"]
十月 26, 2016 7:28:21 下午 org.apache.catalina.core.StandardService stopInternal
信息: Stopping service Catalina
十月 26, 2016 7:28:21 下午 org.apache.catalina.loader.WebappClassLoader clearReferencesJdbc
严重: The web application [/activiti-explorer] registered the JDBC driver [org.h2.Driver] but failed to unregister it when the web application was stopped. To prevent a memory leak, the JDBC Driver has been forcibly unregistered.
十月 26, 2016 7:28:22 下午 org.apache.catalina.loader.WebappClassLoader clearReferencesThreads
严重: The web application [/activiti-explorer] appears to have started a thread named [AWT-Windows] but has failed to stop it. This is very likely to create a memory leak.
十月 26, 2016 7:28:22 下午 org.apache.catalina.loader.WebappClassLoader clearReferencesThreads
严重: The web application [/activiti-explorer] appears to have started a thread named [H2 Close Delay ACTIVITI] but has failed to stop it. This is very likely to create a memory leak.
十月 26, 2016 7:28:23 下午 org.apache.coyote.AbstractProtocol stop
信息: Stopping ProtocolHandler ["http-bio-8080"]
十月 26, 2016 7:28:23 下午 org.apache.coyote.AbstractProtocol stop
信息: Stopping ProtocolHandler ["ajp-bio-8009"]
十月 26, 2016 7:28:23 下午 org.apache.coyote.AbstractProtocol destroy
信息: Destroying ProtocolHandler ["http-bio-8080"]
十月 26, 2016 7:28:23 下午 org.apache.coyote.AbstractProtocol destroy
信息: Destroying ProtocolHandler ["ajp-bio-8009"]
十月 26, 2016 7:29:01 下午 org.apache.catalina.core.AprLifecycleListener init
信息: The APR based Apache Tomcat Native library which allows optimal performance in production environments was not found on the java.library.path: E:\JAVA\java-1.7\bin;C:\Windows\Sun\Java\bin;C:\Windows\system32;C:\Windows;C:\Windows\system32;C:\Windows;C:\Windows\System32\Wbem;C:\Windows\System32\WindowsPowerShell\v1.0\;C:\Program Files (x86)\Sybase\SQL Anywhere 8\win32;C:\Program Files (x86)\Sybase\Shared\win32;C:\Program Files (x86)\Sybase\Shared\Sybase Central 4.1;C:\Program Files (x86)\Microsoft SQL Server\100\Tools\Binn\;C:\Program Files\Microsoft SQL Server\100\Tools\Binn\;C:\Program Files\Microsoft SQL Server\100\DTS\Binn\;C:\Program Files (x86)\Microsoft SQL Server\100\Tools\Binn\VSShell\Common7\IDE\;C:\Program Files (x86)\Microsoft Visual Studio 9.0\Common7\IDE\PrivateAssemblies\;C:\Program Files (x86)\Microsoft SQL Server\100\DTS\Binn\;C:\Program Files (x86)\Java\jdk1.6.0_10\bin;C:\Program Files (x86)\Java\jdk1.6.0_10\jre\bin;C:\Python27;C:\Python27\Scripts;.;;C:\adb;E:\MySQL\MySQL Server 5.5\bin;E:\ORACLE\app\oracle\product\10.2.0\server\bin;C:\Windows\system32;C:\Windows;C:\Windows\System32\Wbem;C:\Windows\System32\WindowsPowerShell\v1.0\;C:\Program Files (x86)\Sybase\SQL Anywhere 8\win32;C:\Program Files (x86)\Sybase\Shared\win32;C:\Program Files (x86)\Sybase\Shared\Sybase Central 4.1;C:\Program Files (x86)\Microsoft SQL Server\100\Tools\Binn\;C:\Program Files\Microsoft SQL Server\100\Tools\Binn\;C:\Program Files\Microsoft SQL Server\100\DTS\Binn\;C:\Program Files (x86)\Microsoft SQL Server\100\Tools\Binn\VSShell\Common7\IDE\;C:\Program Files (x86)\Microsoft Visual Studio 9.0\Common7\IDE\PrivateAssemblies\;C:\Program Files (x86)\Microsoft SQL Server\100\DTS\Binn\;C:\Program Files (x86)\Java\jdk1.6.0_10\bin;C:\Program Files (x86)\Java\jdk1.6.0_10\jre\bin;C:\Python27;C:\Python27\Scripts;.;;C:\adb;E:\MySQL\MySQL Server 5.5\bin;E:\maven\apache-maven-3.1.1\bin;.;;.
十月 26, 2016 7:29:01 下午 org.apache.coyote.AbstractProtocol init
信息: Initializing ProtocolHandler ["http-bio-8080"]
十月 26, 2016 7:29:01 下午 org.apache.coyote.AbstractProtocol init
信息: Initializing ProtocolHandler ["ajp-bio-8009"]
十月 26, 2016 7:29:01 下午 org.apache.catalina.startup.Catalina load
信息: Initialization processed in 790 ms
十月 26, 2016 7:29:01 下午 org.apache.catalina.core.StandardService startInternal
信息: Starting service Catalina
十月 26, 2016 7:29:01 下午 org.apache.catalina.core.StandardEngine startInternal
信息: Starting Servlet Engine: Apache Tomcat/7.0.52
十月 26, 2016 7:29:01 下午 org.apache.catalina.startup.HostConfig deployDirectory
信息: Deploying web application directory E:\apache-tomcat-7.0.52\webapps\docs
十月 26, 2016 7:29:02 下午 org.apache.catalina.startup.HostConfig deployDirectory
信息: Deploying web application directory E:\apache-tomcat-7.0.52\webapps\examples
十月 26, 2016 7:29:02 下午 org.apache.catalina.startup.HostConfig deployDirectory
信息: Deploying web application directory E:\apache-tomcat-7.0.52\webapps\host-manager
十月 26, 2016 7:29:02 下午 org.apache.catalina.startup.HostConfig deployDirectory
信息: Deploying web application directory E:\apache-tomcat-7.0.52\webapps\manager
十月 26, 2016 7:29:03 下午 org.apache.catalina.startup.HostConfig deployDirectory
信息: Deploying web application directory E:\apache-tomcat-7.0.52\webapps\ROOT
十月 26, 2016 7:29:03 下午 org.apache.coyote.AbstractProtocol start
信息: Starting ProtocolHandler ["http-bio-8080"]
十月 26, 2016 7:29:03 下午 org.apache.coyote.AbstractProtocol start
信息: Starting ProtocolHandler ["ajp-bio-8009"]
十月 26, 2016 7:29:03 下午 org.apache.catalina.startup.Catalina start
信息: Server startup in 1555 ms
十月 26, 2016 7:29:42 下午 org.apache.coyote.ajp.AjpMessage processHeader
严重: Invalid message received with signature 18245
十月 26, 2016 7:29:42 下午 org.apache.coyote.ajp.AjpMessage processHeader
严重: Invalid message received with signature 18245
十月 26, 2016 7:29:42 下午 org.apache.coyote.ajp.AjpMessage processHeader
严重: Invalid message received with signature 18245
十月 26, 2016 7:29:42 下午 org.apache.coyote.ajp.AjpMessage processHeader
严重: Invalid message received with signature 18245
十月 26, 2016 7:29:42 下午 org.apache.coyote.ajp.AjpMessage processHeader
严重: Invalid message received with signature 18245
十月 26, 2016 7:29:42 下午 org.apache.coyote.ajp.AjpMessage processHeader
严重: Invalid message received with signature 18245
十月 26, 2016 7:29:42 下午 org.apache.coyote.ajp.AjpMessage processHeader
严重: Invalid message received with signature 18245
十月 26, 2016 7:29:42 下午 org.apache.coyote.ajp.AjpMessage processHeader
严重: Invalid message received with signature 18245
十月 26, 2016 7:29:42 下午 org.apache.coyote.ajp.AjpMessage processHeader
严重: Invalid message received with signature 18245
十月 26, 2016 7:29:42 下午 org.apache.coyote.ajp.AjpMessage processHeader
严重: Invalid message received with signature 18245
十月 26, 2016 7:30:18 下午 org.apache.coyote.ajp.AjpMessage processHeader
严重: Invalid message received with signature 18245
十月 26, 2016 7:30:18 下午 org.apache.coyote.ajp.AjpMessage processHeader
严重: Invalid message received with signature 18245
十月 26, 2016 7:30:18 下午 org.apache.coyote.ajp.AjpMessage processHeader
严重: Invalid message received with signature 18245
十月 26, 2016 7:30:18 下午 org.apache.coyote.ajp.AjpMessage processHeader
严重: Invalid message received with signature 18245
十月 26, 2016 7:30:18 下午 org.apache.coyote.ajp.AjpMessage processHeader
严重: Invalid message received with signature 18245
十月 26, 2016 7:30:18 下午 org.apache.coyote.ajp.AjpMessage processHeader
严重: Invalid message received with signature 18245
十月 26, 2016 7:30:18 下午 org.apache.coyote.ajp.AjpMessage processHeader
严重: Invalid message received with signature 18245
十月 26, 2016 7:30:18 下午 org.apache.coyote.ajp.AjpMessage processHeader
严重: Invalid message received with signature 18245
十月 26, 2016 7:30:18 下午 org.apache.coyote.ajp.AjpMessage processHeader
严重: Invalid message received with signature 18245
十月 26, 2016 7:30:18 下午 org.apache.coyote.ajp.AjpMessage processHeader
严重: Invalid message received with signature 18245
十月 26, 2016 7:36:43 下午 org.apache.catalina.startup.HostConfig deployWAR
信息: Deploying web application archive E:\apache-tomcat-7.0.52\webapps\solr.war
十月 26, 2016 7:36:51 下午 org.apache.catalina.core.StandardContext startInternal
严重: Error filterStart
十月 26, 2016 7:36:51 下午 org.apache.catalina.core.StandardContext startInternal
严重: Context [/solr] startup failed due to previous errors
十月 26, 2016 7:36:54 下午 org.apache.catalina.core.StandardServer await
信息: A valid shutdown command was received via the shutdown port. Stopping the Server instance.
十月 26, 2016 7:36:55 下午 org.apache.coyote.AbstractProtocol pause
信息: Pausing ProtocolHandler ["http-bio-8080"]
十月 26, 2016 7:36:55 下午 org.apache.coyote.AbstractProtocol pause
信息: Pausing ProtocolHandler ["ajp-bio-8009"]
十月 26, 2016 7:36:55 下午 org.apache.catalina.core.StandardService stopInternal
信息: Stopping service Catalina
十月 26, 2016 7:36:55 下午 org.apache.coyote.AbstractProtocol stop
信息: Stopping ProtocolHandler ["http-bio-8080"]
十月 26, 2016 7:36:55 下午 org.apache.coyote.AbstractProtocol stop
信息: Stopping ProtocolHandler ["ajp-bio-8009"]
十月 26, 2016 7:36:55 下午 org.apache.coyote.AbstractProtocol destroy
信息: Destroying ProtocolHandler ["http-bio-8080"]
十月 26, 2016 7:36:55 下午 org.apache.coyote.AbstractProtocol destroy
信息: Destroying ProtocolHandler ["ajp-bio-8009"]
十月 26, 2016 7:37:00 下午 org.apache.catalina.core.AprLifecycleListener init
信息: The APR based Apache Tomcat Native library which allows optimal performance in production environments was not found on the java.library.path: E:\JAVA\java-1.7\bin;C:\Windows\Sun\Java\bin;C:\Windows\system32;C:\Windows;C:\Windows\system32;C:\Windows;C:\Windows\System32\Wbem;C:\Windows\System32\WindowsPowerShell\v1.0\;C:\Program Files (x86)\Sybase\SQL Anywhere 8\win32;C:\Program Files (x86)\Sybase\Shared\win32;C:\Program Files (x86)\Sybase\Shared\Sybase Central 4.1;C:\Program Files (x86)\Microsoft SQL Server\100\Tools\Binn\;C:\Program Files\Microsoft SQL Server\100\Tools\Binn\;C:\Program Files\Microsoft SQL Server\100\DTS\Binn\;C:\Program Files (x86)\Microsoft SQL Server\100\Tools\Binn\VSShell\Common7\IDE\;C:\Program Files (x86)\Microsoft Visual Studio 9.0\Common7\IDE\PrivateAssemblies\;C:\Program Files (x86)\Microsoft SQL Server\100\DTS\Binn\;C:\Program Files (x86)\Java\jdk1.6.0_10\bin;C:\Program Files (x86)\Java\jdk1.6.0_10\jre\bin;C:\Python27;C:\Python27\Scripts;.;;C:\adb;E:\MySQL\MySQL Server 5.5\bin;E:\ORACLE\app\oracle\product\10.2.0\server\bin;C:\Windows\system32;C:\Windows;C:\Windows\System32\Wbem;C:\Windows\System32\WindowsPowerShell\v1.0\;C:\Program Files (x86)\Sybase\SQL Anywhere 8\win32;C:\Program Files (x86)\Sybase\Shared\win32;C:\Program Files (x86)\Sybase\Shared\Sybase Central 4.1;C:\Program Files (x86)\Microsoft SQL Server\100\Tools\Binn\;C:\Program Files\Microsoft SQL Server\100\Tools\Binn\;C:\Program Files\Microsoft SQL Server\100\DTS\Binn\;C:\Program Files (x86)\Microsoft SQL Server\100\Tools\Binn\VSShell\Common7\IDE\;C:\Program Files (x86)\Microsoft Visual Studio 9.0\Common7\IDE\PrivateAssemblies\;C:\Program Files (x86)\Microsoft SQL Server\100\DTS\Binn\;C:\Program Files (x86)\Java\jdk1.6.0_10\bin;C:\Program Files (x86)\Java\jdk1.6.0_10\jre\bin;C:\Python27;C:\Python27\Scripts;.;;C:\adb;E:\MySQL\MySQL Server 5.5\bin;E:\maven\apache-maven-3.1.1\bin;.;;.
十月 26, 2016 7:37:00 下午 org.apache.coyote.AbstractProtocol init
信息: Initializing ProtocolHandler ["http-bio-8080"]
十月 26, 2016 7:37:00 下午 org.apache.coyote.AbstractProtocol init
信息: Initializing ProtocolHandler ["ajp-bio-8009"]
十月 26, 2016 7:37:00 下午 org.apache.catalina.startup.Catalina load
信息: Initialization processed in 787 ms
十月 26, 2016 7:37:00 下午 org.apache.catalina.core.StandardService startInternal
信息: Starting service Catalina
十月 26, 2016 7:37:00 下午 org.apache.catalina.core.StandardEngine startInternal
信息: Starting Servlet Engine: Apache Tomcat/7.0.52
十月 26, 2016 7:37:00 下午 org.apache.catalina.startup.HostConfig deployWAR
信息: Deploying web application archive E:\apache-tomcat-7.0.52\webapps\solr.war
十月 26, 2016 7:37:06 下午 org.apache.catalina.core.StandardContext startInternal
严重: Error filterStart
十月 26, 2016 7:37:06 下午 org.apache.catalina.core.StandardContext startInternal
严重: Context [/solr] startup failed due to previous errors
十月 26, 2016 7:37:06 下午 org.apache.catalina.startup.HostConfig deployDirectory
信息: Deploying web application directory E:\apache-tomcat-7.0.52\webapps\docs
十月 26, 2016 7:37:07 下午 org.apache.catalina.startup.HostConfig deployDirectory
信息: Deploying web application directory E:\apache-tomcat-7.0.52\webapps\examples
十月 26, 2016 7:37:07 下午 org.apache.catalina.startup.HostConfig deployDirectory
信息: Deploying web application directory E:\apache-tomcat-7.0.52\webapps\host-manager
十月 26, 2016 7:37:07 下午 org.apache.catalina.startup.HostConfig deployDirectory
信息: Deploying web application directory E:\apache-tomcat-7.0.52\webapps\manager
十月 26, 2016 7:37:07 下午 org.apache.catalina.startup.HostConfig deployDirectory
信息: Deploying web application directory E:\apache-tomcat-7.0.52\webapps\ROOT
十月 26, 2016 7:37:07 下午 org.apache.coyote.AbstractProtocol start
信息: Starting ProtocolHandler ["http-bio-8080"]
十月 26, 2016 7:37:07 下午 org.apache.coyote.AbstractProtocol start
信息: Starting ProtocolHandler ["ajp-bio-8009"]
十月 26, 2016 7:37:07 下午 org.apache.catalina.startup.Catalina start
信息: Server startup in 7367 ms
十月 26, 2016 7:37:59 下午 org.apache.catalina.core.StandardServer await
信息: A valid shutdown command was received via the shutdown port. Stopping the Server instance.
十月 26, 2016 7:37:59 下午 org.apache.coyote.AbstractProtocol pause
信息: Pausing ProtocolHandler ["http-bio-8080"]
十月 26, 2016 7:37:59 下午 org.apache.coyote.AbstractProtocol pause
信息: Pausing ProtocolHandler ["ajp-bio-8009"]
十月 26, 2016 7:37:59 下午 org.apache.catalina.core.StandardService stopInternal
信息: Stopping service Catalina
十月 26, 2016 7:37:59 下午 org.apache.coyote.AbstractProtocol stop
信息: Stopping ProtocolHandler ["http-bio-8080"]
十月 26, 2016 7:37:59 下午 org.apache.coyote.AbstractProtocol stop
信息: Stopping ProtocolHandler ["ajp-bio-8009"]
十月 26, 2016 7:37:59 下午 org.apache.coyote.AbstractProtocol destroy
信息: Destroying ProtocolHandler ["http-bio-8080"]
十月 26, 2016 7:37:59 下午 org.apache.coyote.AbstractProtocol destroy
信息: Destroying ProtocolHandler ["ajp-bio-8009"]
十月 26, 2016 7:42:10 下午 org.apache.catalina.core.AprLifecycleListener init
信息: The APR based Apache Tomcat Native library which allows optimal performance in production environments was not found on the java.library.path: E:\JAVA\java-1.7\bin;C:\Windows\Sun\Java\bin;C:\Windows\system32;C:\Windows;C:\Windows\system32;C:\Windows;C:\Windows\System32\Wbem;C:\Windows\System32\WindowsPowerShell\v1.0\;C:\Program Files (x86)\Sybase\SQL Anywhere 8\win32;C:\Program Files (x86)\Sybase\Shared\win32;C:\Program Files (x86)\Sybase\Shared\Sybase Central 4.1;C:\Program Files (x86)\Microsoft SQL Server\100\Tools\Binn\;C:\Program Files\Microsoft SQL Server\100\Tools\Binn\;C:\Program Files\Microsoft SQL Server\100\DTS\Binn\;C:\Program Files (x86)\Microsoft SQL Server\100\Tools\Binn\VSShell\Common7\IDE\;C:\Program Files (x86)\Microsoft Visual Studio 9.0\Common7\IDE\PrivateAssemblies\;C:\Program Files (x86)\Microsoft SQL Server\100\DTS\Binn\;C:\Program Files (x86)\Java\jdk1.6.0_10\bin;C:\Program Files (x86)\Java\jdk1.6.0_10\jre\bin;C:\Python27;C:\Python27\Scripts;.;;C:\adb;E:\MySQL\MySQL Server 5.5\bin;E:\ORACLE\app\oracle\product\10.2.0\server\bin;C:\Windows\system32;C:\Windows;C:\Windows\System32\Wbem;C:\Windows\System32\WindowsPowerShell\v1.0\;C:\Program Files (x86)\Sybase\SQL Anywhere 8\win32;C:\Program Files (x86)\Sybase\Shared\win32;C:\Program Files (x86)\Sybase\Shared\Sybase Central 4.1;C:\Program Files (x86)\Microsoft SQL Server\100\Tools\Binn\;C:\Program Files\Microsoft SQL Server\100\Tools\Binn\;C:\Program Files\Microsoft SQL Server\100\DTS\Binn\;C:\Program Files (x86)\Microsoft SQL Server\100\Tools\Binn\VSShell\Common7\IDE\;C:\Program Files (x86)\Microsoft Visual Studio 9.0\Common7\IDE\PrivateAssemblies\;C:\Program Files (x86)\Microsoft SQL Server\100\DTS\Binn\;C:\Program Files (x86)\Java\jdk1.6.0_10\bin;C:\Program Files (x86)\Java\jdk1.6.0_10\jre\bin;C:\Python27;C:\Python27\Scripts;.;;C:\adb;E:\MySQL\MySQL Server 5.5\bin;E:\maven\apache-maven-3.1.1\bin;.;;.
十月 26, 2016 7:42:10 下午 org.apache.coyote.AbstractProtocol init
信息: Initializing ProtocolHandler ["http-bio-8080"]
十月 26, 2016 7:42:10 下午 org.apache.coyote.AbstractProtocol init
信息: Initializing ProtocolHandler ["ajp-bio-8009"]
十月 26, 2016 7:42:10 下午 org.apache.catalina.startup.Catalina load
信息: Initialization processed in 812 ms
十月 26, 2016 7:42:10 下午 org.apache.catalina.core.StandardService startInternal
信息: Starting service Catalina
十月 26, 2016 7:42:10 下午 org.apache.catalina.core.StandardEngine startInternal
信息: Starting Servlet Engine: Apache Tomcat/7.0.52
十月 26, 2016 7:42:11 下午 org.apache.catalina.startup.HostConfig deployWAR
信息: Deploying web application archive E:\apache-tomcat-7.0.52\webapps\solr.war
十月 26, 2016 7:42:19 下午 org.apache.catalina.startup.HostConfig deployDirectory
信息: Deploying web application directory E:\apache-tomcat-7.0.52\webapps\docs
十月 26, 2016 7:42:20 下午 org.apache.catalina.startup.HostConfig deployDirectory
信息: Deploying web application directory E:\apache-tomcat-7.0.52\webapps\examples
十月 26, 2016 7:42:20 下午 org.apache.catalina.startup.HostConfig deployDirectory
信息: Deploying web application directory E:\apache-tomcat-7.0.52\webapps\host-manager
十月 26, 2016 7:42:20 下午 org.apache.catalina.startup.HostConfig deployDirectory
信息: Deploying web application directory E:\apache-tomcat-7.0.52\webapps\manager
十月 26, 2016 7:42:20 下午 org.apache.catalina.startup.HostConfig deployDirectory
信息: Deploying web application directory E:\apache-tomcat-7.0.52\webapps\ROOT
十月 26, 2016 7:42:20 下午 org.apache.coyote.AbstractProtocol start
信息: Starting ProtocolHandler ["http-bio-8080"]
十月 26, 2016 7:42:20 下午 org.apache.coyote.AbstractProtocol start
信息: Starting ProtocolHandler ["ajp-bio-8009"]
十月 26, 2016 7:42:20 下午 org.apache.catalina.startup.Catalina start
信息: Server startup in 9635 ms
十月 26, 2016 7:49:32 下午 org.apache.catalina.core.AprLifecycleListener init
信息: The APR based Apache Tomcat Native library which allows optimal performance in production environments was not found on the java.library.path: E:\JAVA\java-1.7\bin;C:\Windows\Sun\Java\bin;C:\Windows\system32;C:\Windows;C:\Windows\system32;C:\Windows;C:\Windows\System32\Wbem;C:\Windows\System32\WindowsPowerShell\v1.0\;C:\Program Files (x86)\Sybase\SQL Anywhere 8\win32;C:\Program Files (x86)\Sybase\Shared\win32;C:\Program Files (x86)\Sybase\Shared\Sybase Central 4.1;C:\Program Files (x86)\Microsoft SQL Server\100\Tools\Binn\;C:\Program Files\Microsoft SQL Server\100\Tools\Binn\;C:\Program Files\Microsoft SQL Server\100\DTS\Binn\;C:\Program Files (x86)\Microsoft SQL Server\100\Tools\Binn\VSShell\Common7\IDE\;C:\Program Files (x86)\Microsoft Visual Studio 9.0\Common7\IDE\PrivateAssemblies\;C:\Program Files (x86)\Microsoft SQL Server\100\DTS\Binn\;C:\Program Files (x86)\Java\jdk1.6.0_10\bin;C:\Program Files (x86)\Java\jdk1.6.0_10\jre\bin;C:\Python27;C:\Python27\Scripts;.;;C:\adb;E:\MySQL\MySQL Server 5.5\bin;E:\ORACLE\app\oracle\product\10.2.0\server\bin;C:\Windows\system32;C:\Windows;C:\Windows\System32\Wbem;C:\Windows\System32\WindowsPowerShell\v1.0\;C:\Program Files (x86)\Sybase\SQL Anywhere 8\win32;C:\Program Files (x86)\Sybase\Shared\win32;C:\Program Files (x86)\Sybase\Shared\Sybase Central 4.1;C:\Program Files (x86)\Microsoft SQL Server\100\Tools\Binn\;C:\Program Files\Microsoft SQL Server\100\Tools\Binn\;C:\Program Files\Microsoft SQL Server\100\DTS\Binn\;C:\Program Files (x86)\Microsoft SQL Server\100\Tools\Binn\VSShell\Common7\IDE\;C:\Program Files (x86)\Microsoft Visual Studio 9.0\Common7\IDE\PrivateAssemblies\;C:\Program Files (x86)\Microsoft SQL Server\100\DTS\Binn\;C:\Program Files (x86)\Java\jdk1.6.0_10\bin;C:\Program Files (x86)\Java\jdk1.6.0_10\jre\bin;C:\Python27;C:\Python27\Scripts;.;;C:\adb;E:\MySQL\MySQL Server 5.5\bin;E:\maven\apache-maven-3.1.1\bin;.;;.
十月 26, 2016 7:49:33 下午 org.apache.coyote.AbstractProtocol init
信息: Initializing ProtocolHandler ["http-bio-8080"]
十月 26, 2016 7:49:33 下午 org.apache.coyote.AbstractProtocol init
信息: Initializing ProtocolHandler ["ajp-bio-8009"]
十月 26, 2016 7:49:33 下午 org.apache.catalina.startup.Catalina load
信息: Initialization processed in 815 ms
十月 26, 2016 7:49:33 下午 org.apache.catalina.core.StandardService startInternal
信息: Starting service Catalina
十月 26, 2016 7:49:33 下午 org.apache.catalina.core.StandardEngine startInternal
信息: Starting Servlet Engine: Apache Tomcat/7.0.52
十月 26, 2016 7:49:33 下午 org.apache.catalina.startup.HostConfig deployDirectory
信息: Deploying web application directory E:\apache-tomcat-7.0.52\webapps\docs
十月 26, 2016 7:49:34 下午 org.apache.catalina.startup.HostConfig deployDirectory
信息: Deploying web application directory E:\apache-tomcat-7.0.52\webapps\examples
十月 26, 2016 7:49:34 下午 org.apache.catalina.startup.HostConfig deployDirectory
信息: Deploying web application directory E:\apache-tomcat-7.0.52\webapps\host-manager
十月 26, 2016 7:49:34 下午 org.apache.catalina.startup.HostConfig deployDirectory
信息: Deploying web application directory E:\apache-tomcat-7.0.52\webapps\manager
十月 26, 2016 7:49:34 下午 org.apache.catalina.startup.HostConfig deployDirectory
信息: Deploying web application directory E:\apache-tomcat-7.0.52\webapps\ROOT
十月 26, 2016 7:49:34 下午 org.apache.catalina.startup.HostConfig deployDirectory
信息: Deploying web application directory E:\apache-tomcat-7.0.52\webapps\solr
十月 26, 2016 7:49:41 下午 org.apache.coyote.AbstractProtocol start
信息: Starting ProtocolHandler ["http-bio-8080"]
十月 26, 2016 7:49:41 下午 org.apache.coyote.AbstractProtocol start
信息: Starting ProtocolHandler ["ajp-bio-8009"]
十月 26, 2016 7:49:41 下午 org.apache.catalina.startup.Catalina start
信息: Server startup in 7918 ms
十月 26, 2016 7:51:38 下午 org.apache.catalina.core.StandardServer await
信息: A valid shutdown command was received via the shutdown port. Stopping the Server instance.
十月 26, 2016 7:51:38 下午 org.apache.coyote.AbstractProtocol pause
信息: Pausing ProtocolHandler ["http-bio-8080"]
十月 26, 2016 7:51:38 下午 org.apache.coyote.AbstractProtocol pause
信息: Pausing ProtocolHandler ["ajp-bio-8009"]
十月 26, 2016 7:51:38 下午 org.apache.catalina.core.StandardService stopInternal
信息: Stopping service Catalina
十月 26, 2016 7:51:38 下午 org.apache.coyote.AbstractProtocol stop
信息: Stopping ProtocolHandler ["http-bio-8080"]
十月 26, 2016 7:51:38 下午 org.apache.coyote.AbstractProtocol stop
信息: Stopping ProtocolHandler ["ajp-bio-8009"]
十月 26, 2016 7:51:38 下午 org.apache.coyote.AbstractProtocol destroy
信息: Destroying ProtocolHandler ["http-bio-8080"]
十月 26, 2016 7:51:38 下午 org.apache.coyote.AbstractProtocol destroy
信息: Destroying ProtocolHandler ["ajp-bio-8009"]
十月 26, 2016 7:51:40 下午 org.apache.catalina.core.AprLifecycleListener init
信息: The APR based Apache Tomcat Native library which allows optimal performance in production environments was not found on the java.library.path: E:\JAVA\java-1.7\bin;C:\Windows\Sun\Java\bin;C:\Windows\system32;C:\Windows;C:\Windows\system32;C:\Windows;C:\Windows\System32\Wbem;C:\Windows\System32\WindowsPowerShell\v1.0\;C:\Program Files (x86)\Sybase\SQL Anywhere 8\win32;C:\Program Files (x86)\Sybase\Shared\win32;C:\Program Files (x86)\Sybase\Shared\Sybase Central 4.1;C:\Program Files (x86)\Microsoft SQL Server\100\Tools\Binn\;C:\Program Files\Microsoft SQL Server\100\Tools\Binn\;C:\Program Files\Microsoft SQL Server\100\DTS\Binn\;C:\Program Files (x86)\Microsoft SQL Server\100\Tools\Binn\VSShell\Common7\IDE\;C:\Program Files (x86)\Microsoft Visual Studio 9.0\Common7\IDE\PrivateAssemblies\;C:\Program Files (x86)\Microsoft SQL Server\100\DTS\Binn\;C:\Program Files (x86)\Java\jdk1.6.0_10\bin;C:\Program Files (x86)\Java\jdk1.6.0_10\jre\bin;C:\Python27;C:\Python27\Scripts;.;;C:\adb;E:\MySQL\MySQL Server 5.5\bin;E:\ORACLE\app\oracle\product\10.2.0\server\bin;C:\Windows\system32;C:\Windows;C:\Windows\System32\Wbem;C:\Windows\System32\WindowsPowerShell\v1.0\;C:\Program Files (x86)\Sybase\SQL Anywhere 8\win32;C:\Program Files (x86)\Sybase\Shared\win32;C:\Program Files (x86)\Sybase\Shared\Sybase Central 4.1;C:\Program Files (x86)\Microsoft SQL Server\100\Tools\Binn\;C:\Program Files\Microsoft SQL Server\100\Tools\Binn\;C:\Program Files\Microsoft SQL Server\100\DTS\Binn\;C:\Program Files (x86)\Microsoft SQL Server\100\Tools\Binn\VSShell\Common7\IDE\;C:\Program Files (x86)\Microsoft Visual Studio 9.0\Common7\IDE\PrivateAssemblies\;C:\Program Files (x86)\Microsoft SQL Server\100\DTS\Binn\;C:\Program Files (x86)\Java\jdk1.6.0_10\bin;C:\Program Files (x86)\Java\jdk1.6.0_10\jre\bin;C:\Python27;C:\Python27\Scripts;.;;C:\adb;E:\MySQL\MySQL Server 5.5\bin;E:\maven\apache-maven-3.1.1\bin;.;;.
十月 26, 2016 7:51:40 下午 org.apache.coyote.AbstractProtocol init
信息: Initializing ProtocolHandler ["http-bio-8080"]
十月 26, 2016 7:51:40 下午 org.apache.coyote.AbstractProtocol init
信息: Initializing ProtocolHandler ["ajp-bio-8009"]
十月 26, 2016 7:51:40 下午 org.apache.catalina.startup.Catalina load
信息: Initialization processed in 814 ms
十月 26, 2016 7:51:40 下午 org.apache.catalina.core.StandardService startInternal
信息: Starting service Catalina
十月 26, 2016 7:51:40 下午 org.apache.catalina.core.StandardEngine startInternal
信息: Starting Servlet Engine: Apache Tomcat/7.0.52
十月 26, 2016 7:51:40 下午 org.apache.catalina.startup.HostConfig deployDirectory
信息: Deploying web application directory E:\apache-tomcat-7.0.52\webapps\docs
十月 26, 2016 7:51:41 下午 org.apache.catalina.startup.HostConfig deployDirectory
信息: Deploying web application directory E:\apache-tomcat-7.0.52\webapps\examples
十月 26, 2016 7:51:41 下午 org.apache.catalina.startup.HostConfig deployDirectory
信息: Deploying web application directory E:\apache-tomcat-7.0.52\webapps\host-manager
十月 26, 2016 7:51:42 下午 org.apache.catalina.startup.HostConfig deployDirectory
信息: Deploying web application directory E:\apache-tomcat-7.0.52\webapps\manager
十月 26, 2016 7:51:42 下午 org.apache.catalina.startup.HostConfig deployDirectory
信息: Deploying web application directory E:\apache-tomcat-7.0.52\webapps\ROOT
十月 26, 2016 7:51:42 下午 org.apache.catalina.startup.HostConfig deployDirectory
信息: Deploying web application directory E:\apache-tomcat-7.0.52\webapps\solr
十月 26, 2016 7:51:48 下午 org.apache.coyote.AbstractProtocol start
信息: Starting ProtocolHandler ["http-bio-8080"]
十月 26, 2016 7:51:48 下午 org.apache.coyote.AbstractProtocol start
信息: Starting ProtocolHandler ["ajp-bio-8009"]
十月 26, 2016 7:51:48 下午 org.apache.catalina.startup.Catalina start
信息: Server startup in 8029 ms
十月 26, 2016 8:28:13 下午 org.apache.catalina.core.StandardServer await
信息: A valid shutdown command was received via the shutdown port. Stopping the Server instance.
十月 26, 2016 8:28:13 下午 org.apache.coyote.AbstractProtocol pause
信息: Pausing ProtocolHandler ["http-bio-8080"]
十月 26, 2016 8:28:13 下午 org.apache.coyote.AbstractProtocol pause
信息: Pausing ProtocolHandler ["ajp-bio-8009"]
十月 26, 2016 8:28:13 下午 org.apache.catalina.core.StandardService stopInternal
信息: Stopping service Catalina
十月 26, 2016 8:28:13 下午 org.apache.catalina.loader.WebappClassLoader checkThreadLocalMapForLeaks
严重: The web application [/solr] created a ThreadLocal with key of type [org.apache.solr.schema.DateField.ThreadLocalDateFormat] (value [org.apache.solr.schema.DateField$ThreadLocalDateFormat@1655d92b]) and a value of type [org.apache.solr.schema.DateField.ISO8601CanonicalDateFormat] (value [org.apache.solr.schema.DateField$ISO8601CanonicalDateFormat@6b2ed43a]) but failed to remove it when the web application was stopped. Threads are going to be renewed over time to try and avoid a probable memory leak.
十月 26, 2016 8:28:13 下午 org.apache.catalina.loader.WebappClassLoader checkThreadLocalMapForLeaks
严重: The web application [/solr] created a ThreadLocal with key of type [org.apache.solr.schema.DateField.ThreadLocalDateFormat] (value [org.apache.solr.schema.DateField$ThreadLocalDateFormat@1655d92b]) and a value of type [org.apache.solr.schema.DateField.ISO8601CanonicalDateFormat] (value [org.apache.solr.schema.DateField$ISO8601CanonicalDateFormat@6b2ed43a]) but failed to remove it when the web application was stopped. Threads are going to be renewed over time to try and avoid a probable memory leak.
十月 26, 2016 8:28:13 下午 org.apache.catalina.loader.WebappClassLoader checkThreadLocalMapForLeaks
严重: The web application [/solr] created a ThreadLocal with key of type [org.apache.solr.schema.DateField.ThreadLocalDateFormat] (value [org.apache.solr.schema.DateField$ThreadLocalDateFormat@1655d92b]) and a value of type [org.apache.solr.schema.DateField.ISO8601CanonicalDateFormat] (value [org.apache.solr.schema.DateField$ISO8601CanonicalDateFormat@6b2ed43a]) but failed to remove it when the web application was stopped. Threads are going to be renewed over time to try and avoid a probable memory leak.
十月 26, 2016 8:28:13 下午 org.apache.catalina.loader.WebappClassLoader checkThreadLocalMapForLeaks
严重: The web application [/solr] created a ThreadLocal with key of type [org.apache.solr.schema.DateField.ThreadLocalDateFormat] (value [org.apache.solr.schema.DateField$ThreadLocalDateFormat@1655d92b]) and a value of type [org.apache.solr.schema.DateField.ISO8601CanonicalDateFormat] (value [org.apache.solr.schema.DateField$ISO8601CanonicalDateFormat@6b2ed43a]) but failed to remove it when the web application was stopped. Threads are going to be renewed over time to try and avoid a probable memory leak.
十月 26, 2016 8:28:13 下午 org.apache.catalina.loader.WebappClassLoader checkThreadLocalMapForLeaks
严重: The web application [/solr] created a ThreadLocal with key of type [org.apache.solr.schema.DateField.ThreadLocalDateFormat] (value [org.apache.solr.schema.DateField$ThreadLocalDateFormat@1655d92b]) and a value of type [org.apache.solr.schema.DateField.ISO8601CanonicalDateFormat] (value [org.apache.solr.schema.DateField$ISO8601CanonicalDateFormat@6b2ed43a]) but failed to remove it when the web application was stopped. Threads are going to be renewed over time to try and avoid a probable memory leak.
十月 26, 2016 8:28:13 下午 org.apache.catalina.loader.WebappClassLoader checkThreadLocalMapForLeaks
严重: The web application [/solr] created a ThreadLocal with key of type [org.apache.solr.schema.DateField.ThreadLocalDateFormat] (value [org.apache.solr.schema.DateField$ThreadLocalDateFormat@1655d92b]) and a value of type [org.apache.solr.schema.DateField.ISO8601CanonicalDateFormat] (value [org.apache.solr.schema.DateField$ISO8601CanonicalDateFormat@6b2ed43a]) but failed to remove it when the web application was stopped. Threads are going to be renewed over time to try and avoid a probable memory leak.
十月 26, 2016 8:28:13 下午 org.apache.coyote.AbstractProtocol stop
信息: Stopping ProtocolHandler ["http-bio-8080"]
十月 26, 2016 8:28:13 下午 org.apache.coyote.AbstractProtocol stop
信息: Stopping ProtocolHandler ["ajp-bio-8009"]
十月 26, 2016 8:28:13 下午 org.apache.coyote.AbstractProtocol destroy
信息: Destroying ProtocolHandler ["http-bio-8080"]
十月 26, 2016 8:28:13 下午 org.apache.coyote.AbstractProtocol destroy
信息: Destroying ProtocolHandler ["ajp-bio-8009"]
十月 26, 2016 8:28:17 下午 org.apache.catalina.core.AprLifecycleListener init
信息: The APR based Apache Tomcat Native library which allows optimal performance in production environments was not found on the java.library.path: E:\JAVA\java-1.7\bin;C:\Windows\Sun\Java\bin;C:\Windows\system32;C:\Windows;C:\Windows\system32;C:\Windows;C:\Windows\System32\Wbem;C:\Windows\System32\WindowsPowerShell\v1.0\;C:\Program Files (x86)\Sybase\SQL Anywhere 8\win32;C:\Program Files (x86)\Sybase\Shared\win32;C:\Program Files (x86)\Sybase\Shared\Sybase Central 4.1;C:\Program Files (x86)\Microsoft SQL Server\100\Tools\Binn\;C:\Program Files\Microsoft SQL Server\100\Tools\Binn\;C:\Program Files\Microsoft SQL Server\100\DTS\Binn\;C:\Program Files (x86)\Microsoft SQL Server\100\Tools\Binn\VSShell\Common7\IDE\;C:\Program Files (x86)\Microsoft Visual Studio 9.0\Common7\IDE\PrivateAssemblies\;C:\Program Files (x86)\Microsoft SQL Server\100\DTS\Binn\;C:\Program Files (x86)\Java\jdk1.6.0_10\bin;C:\Program Files (x86)\Java\jdk1.6.0_10\jre\bin;C:\Python27;C:\Python27\Scripts;.;;C:\adb;E:\MySQL\MySQL Server 5.5\bin;E:\ORACLE\app\oracle\product\10.2.0\server\bin;C:\Windows\system32;C:\Windows;C:\Windows\System32\Wbem;C:\Windows\System32\WindowsPowerShell\v1.0\;C:\Program Files (x86)\Sybase\SQL Anywhere 8\win32;C:\Program Files (x86)\Sybase\Shared\win32;C:\Program Files (x86)\Sybase\Shared\Sybase Central 4.1;C:\Program Files (x86)\Microsoft SQL Server\100\Tools\Binn\;C:\Program Files\Microsoft SQL Server\100\Tools\Binn\;C:\Program Files\Microsoft SQL Server\100\DTS\Binn\;C:\Program Files (x86)\Microsoft SQL Server\100\Tools\Binn\VSShell\Common7\IDE\;C:\Program Files (x86)\Microsoft Visual Studio 9.0\Common7\IDE\PrivateAssemblies\;C:\Program Files (x86)\Microsoft SQL Server\100\DTS\Binn\;C:\Program Files (x86)\Java\jdk1.6.0_10\bin;C:\Program Files (x86)\Java\jdk1.6.0_10\jre\bin;C:\Python27;C:\Python27\Scripts;.;;C:\adb;E:\MySQL\MySQL Server 5.5\bin;E:\maven\apache-maven-3.1.1\bin;.;;.
十月 26, 2016 8:28:17 下午 org.apache.coyote.AbstractProtocol init
信息: Initializing ProtocolHandler ["http-bio-8080"]
十月 26, 2016 8:28:17 下午 org.apache.coyote.AbstractProtocol init
信息: Initializing ProtocolHandler ["ajp-bio-8009"]
十月 26, 2016 8:28:17 下午 org.apache.catalina.startup.Catalina load
信息: Initialization processed in 868 ms
十月 26, 2016 8:28:17 下午 org.apache.catalina.core.StandardService startInternal
信息: Starting service Catalina
十月 26, 2016 8:28:17 下午 org.apache.catalina.core.StandardEngine startInternal
信息: Starting Servlet Engine: Apache Tomcat/7.0.52
十月 26, 2016 8:28:17 下午 org.apache.catalina.startup.HostConfig deployDirectory
信息: Deploying web application directory E:\apache-tomcat-7.0.52\webapps\docs
十月 26, 2016 8:28:18 下午 org.apache.catalina.startup.HostConfig deployDirectory
信息: Deploying web application directory E:\apache-tomcat-7.0.52\webapps\examples
十月 26, 2016 8:28:19 下午 org.apache.catalina.startup.HostConfig deployDirectory
信息: Deploying web application directory E:\apache-tomcat-7.0.52\webapps\host-manager
十月 26, 2016 8:28:19 下午 org.apache.catalina.startup.HostConfig deployDirectory
信息: Deploying web application directory E:\apache-tomcat-7.0.52\webapps\manager
十月 26, 2016 8:28:19 下午 org.apache.catalina.startup.HostConfig deployDirectory
信息: Deploying web application directory E:\apache-tomcat-7.0.52\webapps\ROOT
十月 26, 2016 8:28:19 下午 org.apache.catalina.startup.HostConfig deployDirectory
信息: Deploying web application directory E:\apache-tomcat-7.0.52\webapps\solr
十月 26, 2016 8:28:26 下午 org.apache.coyote.AbstractProtocol start
信息: Starting ProtocolHandler ["http-bio-8080"]
十月 26, 2016 8:28:26 下午 org.apache.coyote.AbstractProtocol start
信息: Starting ProtocolHandler ["ajp-bio-8009"]
十月 26, 2016 8:28:26 下午 org.apache.catalina.startup.Catalina start
信息: Server startup in 8136 ms
十月 26, 2016 8:29:59 下午 org.apache.catalina.core.StandardServer await
信息: A valid shutdown command was received via the shutdown port. Stopping the Server instance.
十月 26, 2016 8:29:59 下午 org.apache.coyote.AbstractProtocol pause
信息: Pausing ProtocolHandler ["http-bio-8080"]
十月 26, 2016 8:29:59 下午 org.apache.coyote.AbstractProtocol pause
信息: Pausing ProtocolHandler ["ajp-bio-8009"]
十月 26, 2016 8:29:59 下午 org.apache.catalina.core.StandardService stopInternal
信息: Stopping service Catalina
十月 26, 2016 8:29:59 下午 org.apache.catalina.loader.WebappClassLoader checkThreadLocalMapForLeaks
严重: The web application [/solr] created a ThreadLocal with key of type [org.apache.solr.schema.DateField.ThreadLocalDateFormat] (value [org.apache.solr.schema.DateField$ThreadLocalDateFormat@578f617a]) and a value of type [org.apache.solr.schema.DateField.ISO8601CanonicalDateFormat] (value [org.apache.solr.schema.DateField$ISO8601CanonicalDateFormat@6b2ed43a]) but failed to remove it when the web application was stopped. Threads are going to be renewed over time to try and avoid a probable memory leak.
十月 26, 2016 8:29:59 下午 org.apache.catalina.loader.WebappClassLoader checkThreadLocalMapForLeaks
严重: The web application [/solr] created a ThreadLocal with key of type [org.apache.solr.schema.DateField.ThreadLocalDateFormat] (value [org.apache.solr.schema.DateField$ThreadLocalDateFormat@578f617a]) and a value of type [org.apache.solr.schema.DateField.ISO8601CanonicalDateFormat] (value [org.apache.solr.schema.DateField$ISO8601CanonicalDateFormat@6b2ed43a]) but failed to remove it when the web application was stopped. Threads are going to be renewed over time to try and avoid a probable memory leak.
十月 26, 2016 8:29:59 下午 org.apache.coyote.AbstractProtocol stop
信息: Stopping ProtocolHandler ["http-bio-8080"]
十月 26, 2016 8:29:59 下午 org.apache.coyote.AbstractProtocol stop
信息: Stopping ProtocolHandler ["ajp-bio-8009"]
十月 26, 2016 8:29:59 下午 org.apache.coyote.AbstractProtocol destroy
信息: Destroying ProtocolHandler ["http-bio-8080"]
十月 26, 2016 8:29:59 下午 org.apache.coyote.AbstractProtocol destroy
信息: Destroying ProtocolHandler ["ajp-bio-8009"]
