Sep 15, 2017 11:17:36 AM org.apache.catalina.core.AprLifecycleListener init
INFO: The APR based Apache Tomcat Native library which allows optimal performance in production environments was not found on the java.library.path: /usr/java/packages/lib/amd64:/usr/lib64:/lib64:/lib:/usr/lib
Sep 15, 2017 11:17:37 AM org.apache.coyote.AbstractProtocol init
INFO: Initializing ProtocolHandler ["http-bio-8983"]
Sep 15, 2017 11:17:37 AM org.apache.coyote.AbstractProtocol init
INFO: Initializing ProtocolHandler ["ajp-bio-8009"]
Sep 15, 2017 11:17:37 AM org.apache.catalina.startup.Catalina load
INFO: Initialization processed in 721 ms
Sep 15, 2017 11:17:37 AM org.apache.catalina.core.StandardService startInternal
INFO: Starting service Catalina
Sep 15, 2017 11:17:37 AM org.apache.catalina.core.StandardEngine startInternal
INFO: Starting Servlet Engine: Apache Tomcat/7.0.52
Sep 15, 2017 11:17:37 AM org.apache.catalina.startup.HostConfig deployDirectory
INFO: Deploying web application directory /home/repository/yesmywine_ms/solr/apache-tomcat-7.0.52/webapps/manager
Sep 15, 2017 11:18:13 AM org.apache.catalina.util.SessionIdGenerator createSecureRandom
INFO: Creation of SecureRandom instance for session ID generation using [SHA1PRNG] took [36,259] milliseconds.
Sep 15, 2017 11:18:13 AM org.apache.catalina.startup.HostConfig deployDirectory
INFO: Deploying web application directory /home/repository/yesmywine_ms/solr/apache-tomcat-7.0.52/webapps/docs
Sep 15, 2017 11:18:13 AM org.apache.catalina.startup.HostConfig deployDirectory
INFO: Deploying web application directory /home/repository/yesmywine_ms/solr/apache-tomcat-7.0.52/webapps/host-manager
Sep 15, 2017 11:18:13 AM org.apache.catalina.startup.HostConfig deployDirectory
INFO: Deploying web application directory /home/repository/yesmywine_ms/solr/apache-tomcat-7.0.52/webapps/solr
Sep 15, 2017 11:18:18 AM org.apache.catalina.startup.HostConfig deployDirectory
INFO: Deploying web application directory /home/repository/yesmywine_ms/solr/apache-tomcat-7.0.52/webapps/examples
Sep 15, 2017 11:18:19 AM org.apache.catalina.startup.HostConfig deployDirectory
INFO: Deploying web application directory /home/repository/yesmywine_ms/solr/apache-tomcat-7.0.52/webapps/ROOT
Sep 15, 2017 11:18:19 AM org.apache.coyote.AbstractProtocol start
INFO: Starting ProtocolHandler ["http-bio-8983"]
Sep 15, 2017 11:18:19 AM org.apache.coyote.AbstractProtocol start
INFO: Starting ProtocolHandler ["ajp-bio-8009"]
Sep 15, 2017 11:18:19 AM org.apache.catalina.startup.Catalina start
INFO: Server startup in 42035 ms
