Sep 04, 2017 3:20:30 PM org.apache.catalina.core.AprLifecycleListener init
INFO: The APR based Apache Tomcat Native library which allows optimal performance in production environments was not found on the java.library.path: /usr/java/packages/lib/amd64:/usr/lib64:/lib64:/lib:/usr/lib
Sep 04, 2017 3:20:30 PM org.apache.coyote.AbstractProtocol init
INFO: Initializing ProtocolHandler ["http-bio-8983"]
Sep 04, 2017 3:20:30 PM org.apache.coyote.AbstractProtocol init
INFO: Initializing ProtocolHandler ["ajp-bio-8009"]
Sep 04, 2017 3:20:30 PM org.apache.catalina.startup.Catalina load
INFO: Initialization processed in 674 ms
Sep 04, 2017 3:20:30 PM org.apache.catalina.core.StandardService startInternal
INFO: Starting service Catalina
Sep 04, 2017 3:20:30 PM org.apache.catalina.core.StandardEngine startInternal
INFO: Starting Servlet Engine: Apache Tomcat/7.0.52
Sep 04, 2017 3:20:30 PM org.apache.catalina.startup.HostConfig deployDirectory
INFO: Deploying web application directory /home/repository/yesmywine_ms/solr/apache-tomcat-7.0.52/webapps/manager
Sep 04, 2017 3:21:15 PM org.apache.catalina.util.SessionIdGenerator createSecureRandom
INFO: Creation of SecureRandom instance for session ID generation using [SHA1PRNG] took [44,301] milliseconds.
Sep 04, 2017 3:21:15 PM org.apache.catalina.startup.HostConfig deployDirectory
INFO: Deploying web application directory /home/repository/yesmywine_ms/solr/apache-tomcat-7.0.52/webapps/docs
Sep 04, 2017 3:21:15 PM org.apache.catalina.startup.HostConfig deployDirectory
INFO: Deploying web application directory /home/repository/yesmywine_ms/solr/apache-tomcat-7.0.52/webapps/examples
Sep 04, 2017 3:21:15 PM org.apache.catalina.startup.HostConfig deployDirectory
INFO: Deploying web application directory /home/repository/yesmywine_ms/solr/apache-tomcat-7.0.52/webapps/host-manager
Sep 04, 2017 3:21:15 PM org.apache.catalina.startup.HostConfig deployDirectory
INFO: Deploying web application directory /home/repository/yesmywine_ms/solr/apache-tomcat-7.0.52/webapps/solr
Sep 04, 2017 3:21:21 PM org.apache.catalina.startup.HostConfig deployDirectory
INFO: Deploying web application directory /home/repository/yesmywine_ms/solr/apache-tomcat-7.0.52/webapps/ROOT
Sep 04, 2017 3:21:21 PM org.apache.coyote.AbstractProtocol start
INFO: Starting ProtocolHandler ["http-bio-8983"]
Sep 04, 2017 3:21:21 PM org.apache.coyote.AbstractProtocol start
INFO: Starting ProtocolHandler ["ajp-bio-8009"]
Sep 04, 2017 3:21:21 PM org.apache.catalina.startup.Catalina start
INFO: Server startup in 50867 ms
