七月 02, 2017 6:08:24 下午 org.apache.catalina.core.ApplicationContext log
信息: ContextListener: contextInitialized()
七月 02, 2017 6:08:24 下午 org.apache.catalina.core.ApplicationContext log
信息: SessionListener: contextInitialized()
七月 02, 2017 6:08:24 下午 org.apache.catalina.core.ApplicationContext log
信息: ContextListener: attributeAdded('org.apache.jasper.compiler.TldLocationsCache', 'org.apache.jasper.compiler.TldLocationsCache@3febe1e5')
七月 02, 2017 6:34:11 下午 org.apache.catalina.core.ApplicationContext log
信息: SessionListener: contextDestroyed()
七月 02, 2017 6:34:11 下午 org.apache.catalina.core.ApplicationContext log
信息: ContextListener: contextDestroyed()
七月 02, 2017 6:34:18 下午 org.apache.catalina.core.ApplicationContext log
信息: ContextListener: contextInitialized()
七月 02, 2017 6:34:18 下午 org.apache.catalina.core.ApplicationContext log
信息: SessionListener: contextInitialized()
七月 02, 2017 6:34:18 下午 org.apache.catalina.core.ApplicationContext log
信息: ContextListener: attributeAdded('org.apache.jasper.compiler.TldLocationsCache', 'org.apache.jasper.compiler.TldLocationsCache@3aaacb9f')
七月 02, 2017 6:38:25 下午 org.apache.catalina.core.ApplicationContext log
信息: SessionListener: contextDestroyed()
七月 02, 2017 6:38:25 下午 org.apache.catalina.core.ApplicationContext log
信息: ContextListener: contextDestroyed()
七月 02, 2017 6:44:59 下午 org.apache.catalina.core.ApplicationContext log
信息: ContextListener: contextInitialized()
七月 02, 2017 6:44:59 下午 org.apache.catalina.core.ApplicationContext log
信息: SessionListener: contextInitialized()
七月 02, 2017 6:44:59 下午 org.apache.catalina.core.ApplicationContext log
信息: ContextListener: attributeAdded('org.apache.jasper.compiler.TldLocationsCache', 'org.apache.jasper.compiler.TldLocationsCache@73eb8dd7')
七月 02, 2017 6:52:30 下午 org.apache.catalina.core.ApplicationContext log
信息: SessionListener: contextDestroyed()
七月 02, 2017 6:52:30 下午 org.apache.catalina.core.ApplicationContext log
信息: ContextListener: contextDestroyed()
七月 02, 2017 6:54:37 下午 org.apache.catalina.core.ApplicationContext log
信息: ContextListener: contextInitialized()
七月 02, 2017 6:54:37 下午 org.apache.catalina.core.ApplicationContext log
信息: SessionListener: contextInitialized()
七月 02, 2017 6:54:37 下午 org.apache.catalina.core.ApplicationContext log
信息: ContextListener: attributeAdded('org.apache.jasper.compiler.TldLocationsCache', 'org.apache.jasper.compiler.TldLocationsCache@623fb0ee')
七月 02, 2017 7:02:07 下午 org.apache.catalina.core.ApplicationContext log
信息: SessionListener: contextDestroyed()
七月 02, 2017 7:02:07 下午 org.apache.catalina.core.ApplicationContext log
信息: ContextListener: contextDestroyed()
七月 02, 2017 7:02:12 下午 org.apache.catalina.core.ApplicationContext log
信息: ContextListener: contextInitialized()
七月 02, 2017 7:02:12 下午 org.apache.catalina.core.ApplicationContext log
信息: SessionListener: contextInitialized()
七月 02, 2017 7:02:12 下午 org.apache.catalina.core.ApplicationContext log
信息: ContextListener: attributeAdded('org.apache.jasper.compiler.TldLocationsCache', 'org.apache.jasper.compiler.TldLocationsCache@5692b5e6')
七月 02, 2017 7:08:59 下午 org.apache.catalina.core.ApplicationContext log
信息: SessionListener: contextDestroyed()
七月 02, 2017 7:08:59 下午 org.apache.catalina.core.ApplicationContext log
信息: ContextListener: contextDestroyed()
七月 02, 2017 7:09:05 下午 org.apache.catalina.core.ApplicationContext log
信息: ContextListener: contextInitialized()
七月 02, 2017 7:09:05 下午 org.apache.catalina.core.ApplicationContext log
信息: SessionListener: contextInitialized()
七月 02, 2017 7:09:05 下午 org.apache.catalina.core.ApplicationContext log
信息: ContextListener: attributeAdded('org.apache.jasper.compiler.TldLocationsCache', 'org.apache.jasper.compiler.TldLocationsCache@73eb8dd7')
七月 02, 2017 7:10:30 下午 org.apache.catalina.core.ApplicationContext log
信息: SessionListener: contextDestroyed()
七月 02, 2017 7:10:30 下午 org.apache.catalina.core.ApplicationContext log
信息: ContextListener: contextDestroyed()
