七月 09, 2017 12:49:55 下午 org.apache.catalina.core.ApplicationContext log
信息: ContextListener: contextInitialized()
七月 09, 2017 12:49:55 下午 org.apache.catalina.core.ApplicationContext log
信息: SessionListener: contextInitialized()
七月 09, 2017 12:49:55 下午 org.apache.catalina.core.ApplicationContext log
信息: ContextListener: attributeAdded('org.apache.jasper.compiler.TldLocationsCache', 'org.apache.jasper.compiler.TldLocationsCache@48249d84')
七月 09, 2017 12:51:06 下午 org.apache.catalina.core.ApplicationContext log
信息: SessionListener: contextDestroyed()
七月 09, 2017 12:51:06 下午 org.apache.catalina.core.ApplicationContext log
信息: ContextListener: contextDestroyed()
七月 09, 2017 1:01:17 下午 org.apache.catalina.core.ApplicationContext log
信息: ContextListener: contextInitialized()
七月 09, 2017 1:01:17 下午 org.apache.catalina.core.ApplicationContext log
信息: SessionListener: contextInitialized()
七月 09, 2017 1:01:17 下午 org.apache.catalina.core.ApplicationContext log
信息: ContextListener: attributeAdded('org.apache.jasper.compiler.TldLocationsCache', 'org.apache.jasper.compiler.TldLocationsCache@67f3b64')
七月 09, 2017 1:06:32 下午 org.apache.catalina.core.ApplicationContext log
信息: SessionListener: contextDestroyed()
七月 09, 2017 1:06:32 下午 org.apache.catalina.core.ApplicationContext log
信息: ContextListener: contextDestroyed()
七月 09, 2017 1:06:38 下午 org.apache.catalina.core.ApplicationContext log
信息: ContextListener: contextInitialized()
七月 09, 2017 1:06:38 下午 org.apache.catalina.core.ApplicationContext log
信息: SessionListener: contextInitialized()
七月 09, 2017 1:06:38 下午 org.apache.catalina.core.ApplicationContext log
信息: ContextListener: attributeAdded('org.apache.jasper.compiler.TldLocationsCache', 'org.apache.jasper.compiler.TldLocationsCache@40dd6ad1')
七月 09, 2017 1:08:14 下午 org.apache.catalina.core.ApplicationContext log
信息: SessionListener: contextDestroyed()
七月 09, 2017 1:08:14 下午 org.apache.catalina.core.ApplicationContext log
信息: ContextListener: contextDestroyed()
七月 09, 2017 1:08:19 下午 org.apache.catalina.core.ApplicationContext log
信息: ContextListener: contextInitialized()
七月 09, 2017 1:08:19 下午 org.apache.catalina.core.ApplicationContext log
信息: SessionListener: contextInitialized()
七月 09, 2017 1:08:19 下午 org.apache.catalina.core.ApplicationContext log
信息: ContextListener: attributeAdded('org.apache.jasper.compiler.TldLocationsCache', 'org.apache.jasper.compiler.TldLocationsCache@67f3b64')
七月 09, 2017 1:10:24 下午 org.apache.catalina.core.ApplicationContext log
信息: SessionListener: contextDestroyed()
七月 09, 2017 1:10:24 下午 org.apache.catalina.core.ApplicationContext log
信息: ContextListener: contextDestroyed()
七月 09, 2017 1:10:29 下午 org.apache.catalina.core.ApplicationContext log
信息: ContextListener: contextInitialized()
七月 09, 2017 1:10:29 下午 org.apache.catalina.core.ApplicationContext log
信息: SessionListener: contextInitialized()
七月 09, 2017 1:10:29 下午 org.apache.catalina.core.ApplicationContext log
信息: ContextListener: attributeAdded('org.apache.jasper.compiler.TldLocationsCache', 'org.apache.jasper.compiler.TldLocationsCache@40dd6ad1')
七月 09, 2017 1:10:44 下午 org.apache.catalina.core.ApplicationContext log
信息: SessionListener: contextDestroyed()
七月 09, 2017 1:10:44 下午 org.apache.catalina.core.ApplicationContext log
信息: ContextListener: contextDestroyed()
七月 09, 2017 1:11:06 下午 org.apache.catalina.core.ApplicationContext log
信息: ContextListener: contextInitialized()
七月 09, 2017 1:11:06 下午 org.apache.catalina.core.ApplicationContext log
信息: SessionListener: contextInitialized()
七月 09, 2017 1:11:06 下午 org.apache.catalina.core.ApplicationContext log
信息: ContextListener: attributeAdded('org.apache.jasper.compiler.TldLocationsCache', 'org.apache.jasper.compiler.TldLocationsCache@40dd6ad1')
七月 09, 2017 1:11:53 下午 org.apache.catalina.core.ApplicationContext log
信息: SessionListener: contextDestroyed()
七月 09, 2017 1:11:53 下午 org.apache.catalina.core.ApplicationContext log
信息: ContextListener: contextDestroyed()
